{
  "RSpec": {
    "coverage": {
      "/Users/chris.mcnabb/Developer/git/fantasy_baseball/spec/lib/fantasy_baseball_spec.rb": [
        1,
        null,
        1,
        null,
        1,
        null,
        null,
        null,
        null
      ],
      "/Users/chris.mcnabb/Developer/git/fantasy_baseball/spec/lib/player_spec.rb": [
        1,
        null,
        1,
        null,
        1,
        null,
        4,
        4,
        4,
        null,
        4,
        4,
        4,
        null,
        4,
        4,
        4,
        null,
        4,
        4,
        4,
        null,
        4,
        4,
        4,
        null,
        4,
        null,
        1,
        null,
        3,
        4,
        null,
        1,
        1,
        3,
        null,
        1,
        1,
        null,
        1,
        1,
        null,
        1,
        1,
        null,
        null,
        null,
        null,
        null
      ],
      "/Users/chris.mcnabb/Developer/git/fantasy_baseball/spec/lib/roster_entry_spec.rb": [
        1,
        null,
        1,
        null,
        1,
        null,
        1,
        7,
        7,
        1,
        6,
        null,
        null,
        1,
        1,
        null,
        1,
        1,
        null,
        1,
        1,
        null,
        1,
        1,
        null,
        1,
        1,
        null,
        1,
        1,
        null,
        null,
        null,
        null,
        null
      ],
      "/Users/chris.mcnabb/Developer/git/fantasy_baseball/spec/lib/statistics_spec.rb": [
        1,
        1,
        null,
        1,
        null,
        1,
        null,
        1,
        1,
        1,
        1,
        1,
        1,
        1,
        1,
        1,
        1,
        null,
        null,
        1,
        null,
        1,
        null,
        1,
        1,
        null,
        1,
        1,
        1,
        null,
        null,
        null,
        1,
        1,
        null,
        1,
        1,
        1,
        null,
        null,
        null,
        1,
        1,
        null,
        1,
        1,
        1,
        null,
        null,
        null,
        1,
        1,
        null,
        1,
        1,
        1,
        null,
        null,
        null,
        1,
        1,
        null,
        1,
        1,
        1,
        null,
        null,
        null,
        1,
        1,
        null,
        1,
        1,
        1,
        null,
        null,
        null,
        null,
        null,
        1,
        1,
        1,
        1,
        null,
        null,
        null,
        1,
        null,
        2,
        2,
        null,
        1,
        1,
        1,
        1,
        1,
        null,
        null,
        null,
        1,
        null,
        1,
        null,
        1,
        2,
        null,
        1,
        1,
        1,
        1,
        1,
        1,
        1,
        1,
        1,
        1,
        1,
        1,
        1,
        1,
        1,
        null,
        null,
        null,
        null
      ]
    },
    "timestamp": 1395723220
  }
}
